Determining if the pthread_create exist failed with the following output:
Change Dir: /mnt/d/ST/udacity2/NDT Matching/cmake-build-debug/CMakeFiles/CMakeTmp

Run Build Command:"/usr/bin/make" "cmTC_ffa0d/fast"
/usr/bin/make -f CMakeFiles/cmTC_ffa0d.dir/build.make CMakeFiles/cmTC_ffa0d.dir/build
make[1]: Entering directory '/mnt/d/ST/udacity2/NDT Matching/cmake-build-debug/CMakeFiles/CMakeTmp'
Building C object CMakeFiles/cmTC_ffa0d.dir/CheckSymbolExists.c.o
/usr/bin/cc    -o CMakeFiles/cmTC_ffa0d.dir/CheckSymbolExists.c.o   -c "/mnt/d/ST/udacity2/NDT Matching/cmake-build-debug/CMakeFiles/CMakeTmp/CheckSymbolExists.c"
Linking C executable cmTC_ffa0d
/usr/bin/cmake -E cmake_link_script CMakeFiles/cmTC_ffa0d.dir/link.txt --verbose=1
/usr/bin/cc      CMakeFiles/cmTC_ffa0d.dir/CheckSymbolExists.c.o  -o cmTC_ffa0d 
CMakeFiles/cmTC_ffa0d.dir/CheckSymbolExists.c.o: In function `main':
CheckSymbolExists.c:(.text+0x1b): undefined reference to `pthread_create'
collect2: error: ld returned 1 exit status
CMakeFiles/cmTC_ffa0d.dir/build.make:97: recipe for target 'cmTC_ffa0d' failed
make[1]: *** [cmTC_ffa0d] Error 1
make[1]: Leaving directory '/mnt/d/ST/udacity2/NDT Matching/cmake-build-debug/CMakeFiles/CMakeTmp'
Makefile:126: recipe for target 'cmTC_ffa0d/fast' failed
make: *** [cmTC_ffa0d/fast] Error 2

File /mnt/d/ST/udacity2/NDT Matching/cmake-build-debug/CMakeFiles/CMakeTmp/CheckSymbolExists.c:
/* */
#include <pthread.h>

int main(int argc, char** argv)
{
  (void)argv;
#ifndef pthread_create
  return ((int*)(&pthread_create))[argc];
#else
  (void)argc;
  return 0;
#endif
}

Determining if the function pthread_create exists in the pthreads failed with the following output:
Change Dir: /mnt/d/ST/udacity2/NDT Matching/cmake-build-debug/CMakeFiles/CMakeTmp

Run Build Command:"/usr/bin/make" "cmTC_14f7f/fast"
/usr/bin/make -f CMakeFiles/cmTC_14f7f.dir/build.make CMakeFiles/cmTC_14f7f.dir/build
make[1]: Entering directory '/mnt/d/ST/udacity2/NDT Matching/cmake-build-debug/CMakeFiles/CMakeTmp'
Building C object CMakeFiles/cmTC_14f7f.dir/CheckFunctionExists.c.o
/usr/bin/cc   -DCHECK_FUNCTION_EXISTS=pthread_create   -o CMakeFiles/cmTC_14f7f.dir/CheckFunctionExists.c.o   -c /usr/share/cmake-3.10/Modules/CheckFunctionExists.c
Linking C executable cmTC_14f7f
/usr/bin/cmake -E cmake_link_script CMakeFiles/cmTC_14f7f.dir/link.txt --verbose=1
/usr/bin/cc  -DCHECK_FUNCTION_EXISTS=pthread_create    CMakeFiles/cmTC_14f7f.dir/CheckFunctionExists.c.o  -o cmTC_14f7f -lpthreads 
/usr/bin/ld: cannot find -lpthreads
collect2: error: ld returned 1 exit status
CMakeFiles/cmTC_14f7f.dir/build.make:97: recipe for target 'cmTC_14f7f' failed
make[1]: *** [cmTC_14f7f] Error 1
make[1]: Leaving directory '/mnt/d/ST/udacity2/NDT Matching/cmake-build-debug/CMakeFiles/CMakeTmp'
Makefile:126: recipe for target 'cmTC_14f7f/fast' failed
make: *** [cmTC_14f7f/fast] Error 2


